<?xml version="1.0" encoding="UTF-8"?>
<testng-results skipped="0" failed="0" ignored="0" total="1" passed="1">
  <reporter-output>
  </reporter-output>
  <suite name="Default suite" duration-ms="20275" started-at="2022-07-22T12:13:08 IST" finished-at="2022-07-22T12:13:28 IST">
    <groups>
    </groups>
    <test name="Default test" duration-ms="20275" started-at="2022-07-22T12:13:08 IST" finished-at="2022-07-22T12:13:28 IST">
      <class name="sel.testdemo">
        <test-method status="PASS" signature="beforeTest()[pri:0, instance:sel.testdemo@60285225]" name="beforeTest" is-config="true" duration-ms="9339" started-at="2022-07-22T12:13:08 IST" finished-at="2022-07-22T12:13:17 IST">
          <reporter-output>
          </reporter-output>
        </test-method> <!-- beforeTest -->
        <test-method status="PASS" signature="f()[pri:0, instance:sel.testdemo@60285225]" name="f" duration-ms="10610" started-at="2022-07-22T12:13:17 IST" finished-at="2022-07-22T12:13:28 IST">
          <reporter-output>
          </reporter-output>
        </test-method> <!-- f -->
        <test-method status="PASS" signature="afterTest()[pri:0, instance:sel.testdemo@60285225]" name="afterTest" is-config="true" duration-ms="267" started-at="2022-07-22T12:13:28 IST" finished-at="2022-07-22T12:13:28 IST">
          <reporter-output>
          </reporter-output>
        </test-method> <!-- afterTest -->
      </class> <!-- sel.testdemo -->
    </test> <!-- Default test -->
  </suite> <!-- Default suite -->
</testng-results>
